Build started 2020-07-01 오후 5:09:15.
     1>Project "E:\Shinjonghyun_746294\SJH_GB_PNC_C++_BSQH(DP116 and All_Model_platform)\BSQH_Program_MR_Shin_All_Model_200702\CPP_BSQH_dll_MR_Shin\BSQH_dll_MR_Shin\BSQH_dll_MR_Shin.vcxproj" on node 2 (build target(s)).
     1>InitializeBuildStatus:
         Touching "x64\Debug\BSQH_dll_MR_Shin.unsuccessfulbuild".
       ClCompile:
         All outputs are up-to-date.
         c:\Program Files (x86)\Microsoft Visual Studio 10.0\VC\bin\x86_amd64\CL.exe /c /Zi /nologo /W3 /WX- /Od /D WIN32 /D _DEBUG /D _WINDOWS /D _USRDLL /D BSQH_DLL_MR_SHIN_EXPORTS /D _WINDLL /D _UNICODE /D UNICODE /Gm /EHsc /RTC1 /MTd /GS /fp:precise /Zc:wchar_t /Zc:forScope /Yu"StdAfx.h" /Fp"x64\Debug\BSQH_dll_MR_Shin.pch" /Fo"x64\Debug\\" /Fd"x64\Debug\vc100.pdb" /Gd /TP /errorReport:prompt DP213_Initial_Fast_OC_Related.cpp
         DP213_Initial_Fast_OC_Related.cpp
     1>DP213_Initial_Fast_OC_Related.cpp(351): warning C4267: '초기화 중' : 'size_t'에서 'int'(으)로 변환하면서 데이터가 손실될 수 있습니다.
         All outputs are up-to-date.
       ManifestResourceCompile:
         All outputs are up-to-date.
       Link:
         c:\Program Files (x86)\Microsoft Visual Studio 10.0\VC\bin\x86_amd64\link.exe /ERRORREPORT:PROMPT /OUT:"E:\Shinjonghyun_746294\SJH_GB_PNC_C++_BSQH(DP116 and All_Model_platform)\BSQH_Program_MR_Shin_All_Model_200702\CPP_BSQH_dll_MR_Shin\x64\Debug\BSQH_dll_MR_Shin.dll" /INCREMENTAL /NOLOGO kernel32.lib user32.lib gdi32.lib winspool.lib comdlg32.lib advapi32.lib shell32.lib ole32.lib oleaut32.lib uuid.lib odbc32.lib odbccp32.lib /MANIFEST /ManifestFile:"x64\Debug\BSQH_dll_MR_Shin.dll.intermediate.manifest" /MANIFESTUAC:"level='asInvoker' uiAccess='false'" /DEBUG /PDB:"E:\Shinjonghyun_746294\SJH_GB_PNC_C++_BSQH(DP116 and All_Model_platform)\BSQH_Program_MR_Shin_All_Model_200702\CPP_BSQH_dll_MR_Shin\x64\Debug\BSQH_dll_MR_Shin.pdb" /SUBSYSTEM:CONSOLE /TLBID:1 /DYNAMICBASE /NXCOMPAT /IMPLIB:"E:\Shinjonghyun_746294\SJH_GB_PNC_C++_BSQH(DP116 and All_Model_platform)\BSQH_Program_MR_Shin_All_Model_200702\CPP_BSQH_dll_MR_Shin\x64\Debug\BSQH_dll_MR_Shin.lib" /MACHINE:X64 /DLL x64\Debug\BSQH_dll_MR_Shin.dll.embed.manifest.res
         x64\Debug\BSQH_dll_MR_Shin.obj
         x64\Debug\BSQH_MR_SHIN_Algorithm.obj
         x64\Debug\Data_Structures.obj
         x64\Debug\dllmain.obj
         x64\Debug\DP173_Initial_Fast_OC_Related.obj
         x64\Debug\DP213_Initial_Fast_OC_Related.obj
         x64\Debug\Meta_Initial_Fast_OC_Related.obj
         x64\Debug\OC_Weights.obj
         x64\Debug\Optic_Compensation.obj
         x64\Debug\SJH_Matrix.obj
         x64\Debug\stdafx.obj
            E:\Shinjonghyun_746294\SJH_GB_PNC_C++_BSQH(DP116 and All_Model_platform)\BSQH_Program_MR_Shin_All_Model_200702\CPP_BSQH_dll_MR_Shin\x64\Debug\BSQH_dll_MR_Shin.lib 라이브러리 및 E:\Shinjonghyun_746294\SJH_GB_PNC_C++_BSQH(DP116 and All_Model_platform)\BSQH_Program_MR_Shin_All_Model_200702\CPP_BSQH_dll_MR_Shin\x64\Debug\BSQH_dll_MR_Shin.exp 개체를 생성하고 있습니다.
         BSQH_dll_MR_Shin.vcxproj -> E:\Shinjonghyun_746294\SJH_GB_PNC_C++_BSQH(DP116 and All_Model_platform)\BSQH_Program_MR_Shin_All_Model_200702\CPP_BSQH_dll_MR_Shin\x64\Debug\BSQH_dll_MR_Shin.dll
       Manifest:
         c:\Program Files (x86)\Microsoft SDKs\Windows\v7.0A\bin\mt.exe /nologo /verbose /out:"x64\Debug\BSQH_dll_MR_Shin.dll.embed.manifest" /manifest x64\Debug\BSQH_dll_MR_Shin.dll.intermediate.manifest
         All outputs are up-to-date.
       LinkEmbedManifest:
         All outputs are up-to-date.
         BSQH_dll_MR_Shin.vcxproj -> E:\Shinjonghyun_746294\SJH_GB_PNC_C++_BSQH(DP116 and All_Model_platform)\BSQH_Program_MR_Shin_All_Model_200702\CPP_BSQH_dll_MR_Shin\x64\Debug\BSQH_dll_MR_Shin.dll
       FinalizeBuildStatus:
         Deleting file "x64\Debug\BSQH_dll_MR_Shin.unsuccessfulbuild".
         Touching "x64\Debug\BSQH_dll_MR_Shin.lastbuildstate".
     1>Done Building Project "E:\Shinjonghyun_746294\SJH_GB_PNC_C++_BSQH(DP116 and All_Model_platform)\BSQH_Program_MR_Shin_All_Model_200702\CPP_BSQH_dll_MR_Shin\BSQH_dll_MR_Shin\BSQH_dll_MR_Shin.vcxproj" (build target(s)).

빌드했습니다.

Time Elapsed 00:00:04.26
